therion 5.4.1+? (compiled on 2018-06-25)
initialization file: /usr/local/etc/therion.ini
reading ... done
checking optional fonts csr10 csti10 csbx10 csss10 csssi10 ... OK
checking optional fonts cmcyr10 cmcti10 cmcbx10 cmcss10 cmcssi10 ... OK
configuration file: monatip_plan.thconfig*
reading ... done
reading source files ... done
preprocessing database ... done
output coordinate system: UTM33
meridian convergence (deg): 0.8979
geomag declinations (deg):
  2007.1.1  2.2450
  2008.1.1  2.3497
  2009.1.1  2.4543
  2010.1.1  2.5588
  2011.1.1  2.6835
  2012.1.1  2.8081
  2013.1.1  2.9326
  2014.1.1  3.0570
  2015.1.1  3.1813
  2016.1.1  3.3072
  2017.1.1  3.4331
scanning centreline tree ... done
searching for centerline loops ... done
calculating station coordinates ... done
average loop error: 9.21%
calculating basic statistics ... done
processing extended elevation ... done
processing references ... done
selecting export objects ... done
processing projection plan ... done
average distortion: 4.63%
writing monatip.pdf ...
####################### metapost log file ########################
This is MetaPost, version 2.00 (TeX Live 2018) (kpathsea version 6.3.0)  11 JUL 2018 09:56
**data.mp
(/usr/local/texlive/2018/texmf-dist/metapost/base/mpost.mp
(/usr/local/texlive/2018/texmf-dist/metapost/base/plain.mp
Preloading the plain mem file, version 1.005) ) (./data.mp [4001] [4002] [4003]
[4004] [4005] [4006] [4007] [4008] [4009] [4010] [4011] [4012] [4013]
[1] [2] [3] [4] [5] [6] [7] [8] [9] [10] [11] [12] [13] [14] [15] [16] [17]
[18] [19] [20] [21] [22] [23] [24] [25] [26] [27] [28]
[Warning: scrap outline intersects itself in scrap monatip4p_5@monatip4.monatip
] [29] [30] [31] [32] [33] [34] [35] [36] [37] [38] [39] [40]
[Warning: scrap outline intersects itself in scrap monatip4p_1@monatip4.monatip
] [41] [42] [43]
[Warning: scrap outline intersects itself in scrap cloacamaximap_4@cloacamaxima
.monatip] [44] [45] [46]
[Warning: scrap outline intersects itself in scrap broken_hammerp_2@broken_hamm
er.monatip] [47] [48] [49]
[Warning: scrap outline intersects itself in scrap broken_hammerp_1@broken_hamm
er.monatip] [50] [51] [52] [53] [54] [55] [56] [57] [58] [59] [60] [61] [62]
[63] [64] [65] [66] [67] [68] [69] [70] [71] [72] [73] [74] [75] [76] [77]
[78] [79] [80] [81] [82] [83] [84] [85]
[Warning: scrap outline intersects itself in scrap monatip1p_5@monatip1.monatip
] [86] [87] [88] [89] [90] [91] [92] [93] [94] (./mptextmp.mp) [95] )
 
Here is how much of MetaPost's memory you used:
 18879 strings using 390743 characters
 3085024 bytes of node memory
 1422 symbolic tokens
 11i,81n,14p,204b,4f stack positions out of 16i,96n,17p,250b,6f
108 output files written: data.1 .. data.4013


#################### end of metapost log file ####################
converting scraps ... done
making map ... done
######################## pdftex log file #########################
This is pdfTeX, Version 3.14159265-2.6-1.40.19 (TeX Live 2018) (preloaded format=pdfetex 2018.4.16)  11 JUL 2018 09:56
entering extended mode
 restricted \write18 enabled.
 %&-line parsing enabled.
**data.tex
(./data.tex (./th_enc.tex) (./th_texts.tex) (./th_resources.tex
(/usr/local/texlive/2018/texmf-dist/tex/generic/pdftex/glyphtounicode.tex))
(./th_fontdef.tex{/usr/local/texlive/2018/texmf-var/fonts/map/pdftex/updmap/pdf
tex.map})
(./th_formdef.tex) (./th_pagedef.tex (./th_legendcolor.tex)) (./th_pages.tex)
 203 numeric registers used out of 32768

[1] ) 
Here is how much of TeX's memory you used:
 403 strings out of 494645
 4017 string characters out of 6148133
 29553 words of memory out of 5000000
 2040 multiletter control sequences out of 15000+600000
 21229 words of font info for 66 fonts, out of 8000000 for 9000
 1416 hyphenation exceptions out of 8191
 12i,5n,8p,1203b,78s stack positions out of 5000i,500n,10000p,200000b,80000s
</usr/local/texlive/2018/texmf-dist/fonts/type1/public/amsfonts/cm/cmss10.
pfb></usr/local/texlive/2018/texmf-dist/fonts/type1/public/amsfonts/cm/cmssi10.
pfb>
Output written on data.pdf (1 page, 188726 bytes).
PDF statistics:
 448 PDF objects out of 1000 (max. 8388607)
 242 compressed objects within 3 object streams
 0 named destinations out of 1000 (max. 500000)
 1321 words of extra memory for PDF output out of 10000 (max. 10000000)


##################### end of pdftex log file #####################
done
writing xtherion file ... done
compilation time: 2 sec


######################### loop errors ##########################
REL-ERR ABS-ERR TOTAL-L STS X-ERROR Y-ERROR Z-ERROR STATIONS
  9.21%    8.4m   91.5m  17    8.4m   -0.6m   -0.1m [53@cloacamaxima.monatip - 52 - 51 - 50 - 49 - 48 - 47 - 46 - 45 - 44 = 35@monatip2.monatip - 34 - 33 - 32 - 31 - 30 - 29 - 28 - 27 = 53@cloacamaxima.monatip]
##################### end of loop errors #######################


###################### scrap distortions #######################
 PROJECTION: plan
 AVERAGE  MAXIMAL  SCRAP
   5.81%  100.00%  cloacamaximap_4@cloacamaxima.monatip
   7.32%  100.00%  cloacamaximap_3@cloacamaxima.monatip
  20.96%   77.26%  doubletimep_4@doubletime.monatip
   5.47%   71.02%  monatip2p_1@monatip2.monatip
   5.20%   58.03%  monatip1p_5@monatip1.monatip
  10.40%   50.23%  cloacamaximap_5@cloacamaxima.monatip
  12.88%   45.69%  broken_hammerp_2@broken_hammer.monatip
   4.35%   41.55%  monatip4p_5@monatip4.monatip
   4.99%   38.73%  cloacamaximap_1@cloacamaxima.monatip
   2.87%   37.19%  monatip4p_1@monatip4.monatip
   5.87%   33.31%  cloacamaximap_2@cloacamaxima.monatip
   7.56%   32.45%  monatip2p_3@monatip2.monatip
   2.98%   28.77%  therockp_2@therock.monatip
   2.58%   28.40%  broken_hammerp_1@broken_hammer.monatip
   3.10%   27.81%  doubletimep_2@doubletime.monatip
   1.82%   25.37%  alkatrazp_1@alkatraz.monatip
   2.77%   24.14%  monatip4p_4@monatip4.monatip
   0.98%   23.87%  monatip3p_2@monatip3.monatip
   3.12%   22.84%  monatip4p_3@monatip4.monatip
   1.21%   22.26%  doubletimep_1@doubletime.monatip
   4.84%   21.66%  doubletimep_3@doubletime.monatip
   2.86%   20.82%  monatip2p_2@monatip2.monatip
   2.66%   20.81%  therockp_1@therock.monatip
   6.67%   19.47%  monatip1p_3@monatip1.monatip
   1.97%   17.94%  monatip1p_1@monatip1.monatip
   1.33%   16.58%  therockp_3@therock.monatip
   2.43%   14.54%  monatip1p_4@monatip1.monatip
   2.26%   13.97%  monatip4p_2@monatip4.monatip
   2.12%   13.00%  alkatrazp_2@alkatraz.monatip
   1.22%    6.88%  monatip1p_2@monatip1.monatip
   1.03%    6.73%  monatip3p_1@monatip3.monatip
   0.00%    0.00%  monatip@monatip1.monatip
################### end of scrap distortions ###################
