therion 5.4.1+? (compiled on 2018-06-25)
initialization file: /usr/local/etc/therion.ini
reading ... done
checking optional fonts csr10 csti10 csbx10 csss10 csssi10 ... OK
checking optional fonts cmcyr10 cmcti10 cmcbx10 cmcss10 cmcssi10 ... OK
configuration file: deep_branch.thconfig*
reading ... done
reading source files ... done
preprocessing database ... done
scanning centreline tree ... done
searching for centerline loops ... done
calculating station coordinates ... done
calculating basic statistics ... done
processing extended elevation ... done
processing references ... done
selecting export objects ... done
processing projection plan ... done
average distortion: 2.56%
writing deep_branch.pdf ...
####################### metapost log file ########################
This is MetaPost, version 2.00 (TeX Live 2018) (kpathsea version 6.3.0)  15 AUG 2018 15:24
**data.mp
(/usr/local/texlive/2018/texmf-dist/metapost/base/mpost.mp
(/usr/local/texlive/2018/texmf-dist/metapost/base/plain.mp
Preloading the plain mem file, version 1.005) ) (./data.mp [4001] [4002] [4003]
[4004] [4005] [4006] [4007] [4008] [4009] [4010] [4011] [4012] [4013]
[1] [2] [3] [4] [5] [6] [7] [8] [9] [10] [11] [12] [13] [14] [15] [16] [17]
[18] [19] [20] [21] [22] [23] [24] [25] [26] [27] [28] [29] [30] [31] [32]
[33] [34] [35] [36] [37] [38] [39] [40] [41] [42] [43] [44] [45] [46] [47]
[48]
[Warning: scrap outline intersects itself in scrap deeper_than_most-p1@deeper_t
han_most.deep_branch] [49] [50] [51] [52] [53] [54] [55] [56] (./mptextmp.mp)
[57] )
 
Here is how much of MetaPost's memory you used:
 25192 strings using 587378 characters
 2962696 bytes of node memory
 1425 symbolic tokens
 11i,81n,16p,288b,5f stack positions out of 16i,96n,17p,312b,6f
70 output files written: data.1 .. data.4013


#################### end of metapost log file ####################
converting scraps ... done
making map ... done
######################## pdftex log file #########################
This is pdfTeX, Version 3.14159265-2.6-1.40.19 (TeX Live 2018) (preloaded format=pdfetex 2018.4.16)  15 AUG 2018 15:24
entering extended mode
 restricted \write18 enabled.
 %&-line parsing enabled.
**data.tex
(./data.tex (./th_enc.tex) (./th_texts.tex) (./th_resources.tex
(/usr/local/texlive/2018/texmf-dist/tex/generic/pdftex/glyphtounicode.tex))
(./th_fontdef.tex{/usr/local/texlive/2018/texmf-var/fonts/map/pdftex/updmap/pdf
tex.map})
(./th_formdef.tex) (./th_pagedef.tex) (./th_pages.tex)
 136 numeric registers used out of 32768
 [1] ) 
Here is how much of TeX's memory you used:
 333 strings out of 494645
 3352 string characters out of 6148133
 35532 words of memory out of 5000000
 1973 multiletter control sequences out of 15000+600000
 20080 words of font info for 63 fonts, out of 8000000 for 9000
 1416 hyphenation exceptions out of 8191
 9i,5n,8p,668b,58s stack positions out of 5000i,500n,10000p,200000b,80000s
</usr/local/texlive/2018/texmf-dist/fonts/type1/public/amsfonts/cm/cmss10
.pfb></usr/local/texlive/2018/texmf-dist/fonts/type1/public/amsfonts/cm/cmssi10
.pfb>
Output written on data.pdf (1 page, 136276 bytes).
PDF statistics:
 253 PDF objects out of 1000 (max. 8388607)
 137 compressed objects within 2 object streams
 0 named destinations out of 1000 (max. 500000)
 725 words of extra memory for PDF output out of 10000 (max. 10000000)


##################### end of pdftex log file #####################
done
writing deep_branch.3d ... done
writing xtherion file ... done
compilation time: 2 sec


###################### scrap distortions #######################
 PROJECTION: plan
 AVERAGE  MAXIMAL  SCRAP
   2.51%  100.00%  mouseleum-p3@mouseleum.deep_branch
   1.41%   92.64%  moonraker_2-p1@moonraker_2.deep_branch
   4.42%   87.09%  moonraker-p1@moonraker.deep_branch
   5.38%   86.56%  mouseleum-p1@mouseleum.deep_branch
   2.77%   86.09%  moonraker-p3@moonraker.deep_branch
   5.76%   70.04%  deeper_than_most-p1@deeper_than_most.deep_branch
   1.06%   48.55%  tiger_tiger-p1@tiger_tiger.deep_branch
   4.99%   45.25%  mouseleum-p4@mouseleum.deep_branch
   2.95%   38.39%  mouseleum_2-p2@mouseleum_2.deep_branch
   5.61%   37.02%  mouseleum_2-p1@mouseleum_2.deep_branch
   3.17%   35.84%  klic_globin-p1@klic_globin.deep_branch
   0.54%   31.41%  moonraker-p2@moonraker.deep_branch
   4.75%   28.13%  chocolate_river-p1@chocolate_river.deep_branch
   1.60%   16.21%  chocolate_river-p2@chocolate_river.deep_branch
   2.57%   14.38%  mouseleum-p2@mouseleum.deep_branch
   0.35%    2.67%  klic_globin-p2@klic_globin.deep_branch
   0.16%    0.62%  moonraker-p4@moonraker.deep_branch
################### end of scrap distortions ###################
