therion 5.4.1+? (compiled on 2018-06-25)
initialization file: /usr/local/etc/therion.ini
reading ... done
checking optional fonts csr10 csti10 csbx10 csss10 csssi10 ... OK
checking optional fonts cmcyr10 cmcti10 cmcbx10 cmcss10 cmcssi10 ... OK
configuration file: thconfig.thconfig*
reading ... done
reading source files ... done
preprocessing database ... done
output coordinate system: UTM33
meridian convergence (deg): 0.8979
geomag declinations (deg):
  2000.1.1  1.5858
  2001.1.1  1.6758
  2002.1.1  1.7657
  2003.1.1  1.8556
  2004.1.1  1.9455
  2005.1.1  2.0353
  2006.1.1  2.1402
  2007.1.1  2.2450
  2008.1.1  2.3497
  2009.1.1  2.4543
  2010.1.1  2.5588
  2011.1.1  2.6835
  2012.1.1  2.8081
  2013.1.1  2.9326
  2014.1.1  3.0570
  2015.1.1  3.1813
  2016.1.1  3.3072
  2017.1.1  3.4330
  2018.1.1  3.5587
  2019.1.1  3.6842
scanning centreline tree ... done
searching for centerline loops ... done
calculating station coordinates ... done
average loop error: 2.72%
calculating basic statistics ... done
processing extended elevation ... done
processing references ... done
selecting export objects ... done
processing projection plan ... done
average distortion: 3.11%
writing west_plateau.pdf ...
####################### metapost log file ########################
This is MetaPost, version 2.00 (TeX Live 2018) (kpathsea version 6.3.0)  23 AUG 2018 16:31
**data.mp
(/usr/local/texlive/2018/texmf-dist/metapost/base/mpost.mp
(/usr/local/texlive/2018/texmf-dist/metapost/base/plain.mp
Preloading the plain mem file, version 1.005) ) (./data.mp [4001] [4002] [4003]
[4004] [4005] [4006] [4007] [4008] [4009] [4010] [4011] [4012] [4013]
[1] [2] [3] [4] [5] [6] [7] [8] [9] [10] [11] [12] [13] [14] [15] [16] [17]
[18] [19] [20] [21] [22] [23] [24] [25] [26] [27] [28] [29] [30] [31] [32]
[33] [34] [35] [36] [37] [38] [39] [40] [41] [42] [43] [44] [45] [46] [47]
[48] [49] [50] [51] [52] [53] [54] [55] [56] [57] [58] [59] [60] [61] [62]
[63] [64] [65] [66] [67] [68] [69] [70] [71] [72] [73] [74] [75] [76] [77]
[Warning: scrap outline intersects itself in scrap deeper_than_most-p1@deeper_t
han_most.primadona.sistem_prima] [78] [79] [80] [81] [82] [83] [84] [85] [86]
[87] [88] [89] [90] [91] [92] [93] [94] [95] [96] [97] [98] [99] [100] [101]
[102] [103] [104] [105] [106] [107] [108] [109] [110] [111]
[Warning: scrap outline intersects itself in scrap lost_in_a_dream-p2@lost_in_a
_dream.primadona.sistem_prima] [112] [113] [114]
[Warning: scrap outline intersects itself in scrap lost_in_a_dream-p1@lost_in_a
_dream.primadona.sistem_prima] [115] [116] [117] [118] [119] [120] [121] [122]
[123] [124] [125] [126] [127] [128] [129] [130] [131] [132] [133] [134] [135]
[136] [137] [138] [139] [140] [141] [142] [143] [144] [145] [146] [147] [148]
[149] [150] [151] [152] [153] [154] [155] [156] [157] [158] [159] [160] [161]
[162] [163] [164] [165]
[Warning: scrap outline intersects itself in scrap bath-1p@bath.primadona.siste
m_prima] [166] [167] [168] [169] [170] [171] [172] [173] [174] [175] [176]
[177] [178] [179] [180] [181]
[Warning: scrap outline intersects itself in scrap hotmkp_2@hotmk.primadona.sis
tem_prima] [182] [183] [184] [185]
[Warning: scrap outline intersects itself in scrap purgatory-1p@purgatory.prima
dona.sistem_prima]
[Warning: scrap outline intersects itself in scrap purgatory-1p@purgatory.prima
dona.sistem_prima] [186] [187] [188] [189] [190] [191] [192] [193] [194]
[Warning: scrap outline intersects itself in scrap alabasterp_4@alabaster.prima
dona.sistem_prima] [195] [196] [197] [198] [199] [200] [201] [202] [203] [204]
[205] [206] [207] [208] [209] [210] [211] [212] [213] [214] [215]
[Warning: scrap outline intersects itself in scrap dysentry-p4@dysentry.primado
na.sistem_prima] [216] [217] [218] [219] [220] [221] [222] [223] [224] [225]
[226] [227] [228] [229] [230] [231]
[Warning: scrap outline intersects itself in scrap dysentry-1p@dysentry.primado
na.sistem_prima] [232] [233] [234] [235] [236] [237] [238] [239] [240] [241]
[242] [243] [244] [245] [246] [247] [248] [249] [250] [251] [252] [253] [254]
[255] [256] [257] [258] [259] [260] [261] [262] [263] [264] [265] [266] [267]
[268] [269] [270] [271]
[Warning: scrap outline intersects itself in scrap sweet_baby_jesusp_2@sweet_ba
by_jesus.primadona.sistem_prima] [272] [273] [274] [275] [276] [277] [278]
[279] [280] [281] [282] [283] [284] [285] [286] [287] [288] [289] [290] [291]
[292] [293] [294] [295] [296] [297] [298] [299] [300] [301] [302] [303] [304]
[305] [306] [307] [308] [309] [310] [311] [312] [313] [314] [315] [316] [317]
[318] [319] [320] [321] [322] [323] [324] [325] [326] [327] [328] [329] [330]
[331] [332] [333] [334] [335] [336] [337] [338] [339] [340] [341] [342] [343]
[344] [345] [346] [347] [348] [349] [350] [351] [352] [353] [354] [355] [356]
[357] [358] [359] [360] [361] [362] [363] [364] [365] [366] [367] [368] [369]
[370] [371] [372] [373] [374] [375] [376] [377] [378] [379] [380] [381] [382]
[383] [384] [385] [386] [387] [388]
[Warning: scrap outline intersects itself in scrap povp_4@pov.primadona.sistem_
prima] [389] [390] [391] [392] [393] [394] [395] [396] [397] [398] [399] [400]
[401] [402] [403] [404] [405] [406] [407] [408] [409] [410] [411] [412] [413]
[414] [415] [416] [417] [418] [419] [420] [421] [422] [423] [424] [425] [426]
[427] [428] [429] [430] [431] [432] [433] [434] [435] [436] [437] [438] [439]
[440] [441] [442] [443] [444] [445] [446] [447] [448] [449] [450] [451] [452]
[453] [454] [455] [456] [457] [458] [459] [460] [461] [462] [463] [464] [465]
[466] [467] [468] [469] [470] [471] [472] [473] [474] [475] [476] [477] [478]
[479] [480] [481] [482] [483] [484] [485] [486] [487] [488] [489] [490] [491]
[492] [493] [494] [495] [496] [497] [498] [499] [500] [501] [502] [503] [504]
[505] [506] [507] [508] [509] [510] [511] [512] [513] [514] [515] [516] [517]
[518] [519] [520] [521] [522] [523] [524] [525] [526] [527] [528] [529] [530]
[531] [532] [533] [534] [535] [536] [537] [538] [539] [540]
[Warning: scrap outline intersects itself in scrap prima1p_4@prima1.primadona.s
istem_prima] [541] [542] [543]
[Warning: scrap outline intersects itself in scrap monatip4p_5@monatip4.monatip
.sistem_prima] [544] [545] [546] [547] [548] [549] [550] [551] [552] [553]
[554] [555] [556] [557] [558] [559]
[Warning: scrap outline intersects itself in scrap monatip4p_1@monatip4.monatip
.sistem_prima] [560] [561] [562] [563] [564] [565] [566]
[Warning: scrap outline intersects itself in scrap broken_hammerp_2@broken_hamm
er.monatip.sistem_prima] [567] [568] [569]
[Warning: scrap outline intersects itself in scrap cloacamaximap_4@cloacamaxima
.monatip.sistem_prima] [570] [571] [572] [573] [574] [575]
[Warning: scrap outline intersects itself in scrap broken_hammerp_1@broken_hamm
er.monatip.sistem_prima] [576] [577] [578] [579] [580] [581] [582] [583] [584]
[585] [586] [587] [588] [589] [590] [591] [592] [593] [594] [595] [596] [597]
[598] [599] [600] [601] [602] [603] [604] [605] [606] [607] [608] [609] [610]
[611] [612] [613] [614] [615] [616] [617] [618] [619] [620] [621] [622] [623]
[Warning: scrap outline intersects itself in scrap monatip1p_5@monatip1.monatip
.sistem_prima] [624] [625] [626] [627] [628] [629] [630] [631] [632] [633]
[634] [635] [636] [637] [638] [639] [640] [641] [642] [643] [644] [645] [646]
[647] [648] [649] [650] [651] [652] [653] [654] (./mptextmp.mp) [655] [656]
[657] [658] [659] [660] [661] [662] [663] [664] [665] [666] [667] [668] [669]
[670] [671] [672] [673] [674] [675] [676] [677] [678] [679] [680] [681] [682]
[683] [684] [685] )
 
Here is how much of MetaPost's memory you used:
 176067 strings using 4309977 characters
 4435928 bytes of node memory
 1430 symbolic tokens
 11i,81n,16p,415b,5f stack positions out of 16i,96n,17p,487b,6f
698 output files written: data.1 .. data.4013


#################### end of metapost log file ####################
converting scraps ... done
making map ... done
######################## pdftex log file #########################
This is pdfTeX, Version 3.14159265-2.6-1.40.19 (TeX Live 2018) (preloaded format=pdfetex 2018.4.16)  23 AUG 2018 16:31
entering extended mode
 restricted \write18 enabled.
 %&-line parsing enabled.
**data.tex
(./data.tex (./th_enc.tex) (./th_texts.tex) (./th_resources.tex
(/usr/local/texlive/2018/texmf-dist/tex/generic/pdftex/glyphtounicode.tex))
(./th_fontdef.tex{/usr/local/texlive/2018/texmf-var/fonts/map/pdftex/updmap/pdf
tex.map})
(./th_formdef.tex
Normal \count register pool exhausted, switching to extended pool.)
(./th_pagedef.tex
Overfull \hbox (9.35728pt too wide) in paragraph at lines 12--12
[]\thfb Caves of the West-ern Migovec Plateau |

\hbox(18.05556+5.05556)x398.33818, glue set - 1.0
.\hbox(0.0+0.0)x0.0
.\thfb C
.\thfb a
.\thfb v
.\thfb e
.etc.

(./th_legendcolor.tex) (./th_legend.tex)) (./th_pages.tex)
 253 numeric registers used out of 32768
 [1] ) 
Here is how much of TeX's memory you used:
 1330 strings out of 494645
 12762 string characters out of 6148133
 79799 words of memory out of 5000000
 2964 multiletter control sequences out of 15000+600000
 21229 words of font info for 66 fonts, out of 8000000 for 9000
 1416 hyphenation exceptions out of 8191
 12i,5n,9p,7234b,78s stack positions out of 5000i,500n,10000p,200000b,80000s
</usr/local/texlive/2018/texmf-dist/fonts/type1/public/amsfonts/cm/cmss10
.pfb></usr/local/texlive/2018/texmf-dist/fonts/type1/public/amsfonts/cm/cmssi10
.pfb></usr/local/texlive/2018/texmf-dist/fonts/type1/public/cs/csss10.pfb>
Output written on data.pdf (1 page, 1423495 bytes).
PDF statistics:
 2796 PDF objects out of 2984 (max. 8388607)
 1491 compressed objects within 15 object streams
 0 named destinations out of 1000 (max. 500000)
 8479 words of extra memory for PDF output out of 10000 (max. 10000000)


##################### end of pdftex log file #####################
done
writing west_plateau.3d ... done
writing xtherion file ... done
compilation time: 8 sec


######################### loop errors ##########################
REL-ERR ABS-ERR TOTAL-L STS X-ERROR Y-ERROR Z-ERROR STATIONS
  9.21%    8.4m   91.5m  17   -8.4m    0.6m    0.1m [44@cloacamaxima.monatip.sistem_prima - 45 - 46 - 47 - 48 - 49 - 50 - 51 - 52 - 53 = 27@monatip2.monatip.sistem_prima - 28 - 29 - 30 - 31 - 32 - 33 - 34 - 35 = 44@cloacamaxima.monatip.sistem_prima]
  5.57%   25.9m  464.2m  61   -2.4m  -25.0m    6.3m [9@TTTr.primadona.sistem_prima - 10 - 11 - 12 - 13 - 14 - 15 - 16 - 17 - 18 - 19 - 20 - 21 - 22 - 23 - 24 - 25 - 26 - 27 - 28 - 29 - 30 - 31 - 32 - 33 - 34 - 35 - 36 - 37 - 38 - 39 - 40 - 41 - 42 - 43 - 45 - 46 - 47 = 14@ttt.primadona.sistem_prima - 13 - 12 - 11 - 10 - 9 - 8 - 7 - 6 - 5 - 4 - 3 - 2 - 1 = 22@zima00.primadona.sistem_prima - 21 - 20 - 19 - 18 - 17 - 16 - 15 - 14 - 13 = 4@ajdovscina.primadona.sistem_prima - 3 - 2 = 9@TTTr.primadona.sistem_prima]
  4.78%    6.6m  137.3m  12   -6.4m    1.6m   -0.2m [5@pivnica_resurvey.primadona.sistem_prima - 6 - 7 - 8 - 9 - 10 - 11 - 12 - 13 = 3@zima00.primadona.sistem_prima - 4 - 5 - 6 - 7 = 5@pivnica_resurvey.primadona.sistem_prima]
  3.44%    1.1m   30.9m  10   -0.9m    0.5m   -0.0m [34@dysentry.primadona.sistem_prima - 53 - 52 - 51 - 50 - 49 - 42 - 41 - 40 - 35 - 34]
  3.24%   28.7m  885.1m 150  -13.2m   -8.6m   24.0m [35@prima1.primadona.sistem_prima - 34 - 33 - 32 - 31 - 30 - 29 - 28 - 27 - 26 - 25 - 24 - 23 - 22 - 21b - 21 - 20 - 19 - 18 - 17 - 16 - 15 - 14 - 13 - 12 - 11 - 10 - 9 - 8 = 1@therock.monatip.sistem_prima - 4 - 5 - 6 - 7 - 8 - 9 - 10 - 11 - 12 - 13 - 14 = 7@alkatraz.monatip.sistem_prima - 5 - 4 - 3 - 2 - 1 = 50@monatip4.monatip.sistem_prima - 49 - 48 - 47 - 46 - 45 - 44 - 43 - 42 - 41 - 40 - 39 - 38 - 37 - 36 - 35 - 34 - 33 - 32 - 31 - 30 - 29 - 28 - 27 - 26 - 25 - 24 - 23 - 22 - 21 - 20 - 19 - 18 - 17 - 16 - 15 - 14 - 13 - 12 - 11 - 10 - 9 - 8 - 7 - 6 - 5 - 4 - 3 - 2 - 1 = 16@broken_hammer.monatip.sistem_prima - 15 - 14 - 13 - 12 - 11 - 10 - 9 - 8 - 7 - 6 - 5 - 4 - 3 - 2 - 1 = 44@monatip3.monatip.sistem_prima - 43 - 42 - 41 - 40 - 39 - 38 - 37 = 37@monatip2.monatip.sistem_prima - 36 - 35 - 34 - 33 - 32 - 31 - 30 - 29 - 28 - 27 = 27@monatip1.monatip.sistem_prima - 26 - 24 - 23 - 22 - 21 - 20 - 19 - 18 - 17 - 16 - 15 - 14 - 13 - 12 - 11 - 10 - 9 - 8 - 7 - 6 - 5 - 4 - 3 - 2 - 1]
  2.77%    3.8m  137.8m  35   -2.4m    2.9m    0.2m [1@the_stile.primadona.sistem_prima - 2 - 3 - 4 - 5 - 6 - 7 - 8 - 9 - 10 - 11 - 12 - 13 - 14 - 15 - 16 - 17 = 15@cattlegrid.primadona.sistem_prima - 14 - 13 - 12 - 11 - 10 - 9 - 7 - 6 - 5 - 4 - 3 - 16 - 17 - 18 - 19 - 20 - 21 - 22 - 23 = 1@the_stile.primadona.sistem_prima]
  2.75%    6.2m  225.6m  37   -2.2m   -0.5m    5.8m [1@therock.monatip.sistem_prima - 4 - 5 - 6 - 7 - 8 - 9 - 10 - 11 - 12 - 13 - 14 - 15 - 16 - 17 - 18 - 19 - 20 - 21 - 22 - 23 - 24 - 25 = 24@prima2.primadona.sistem_prima - 25 - 26 - 27 - 28 - 29 - 30 - 31 - 32 = 1@prima1.primadona.sistem_prima - 2 - 3 - 4 - 5 - 6 - 7 - 8 = 1@therock.monatip.sistem_prima]
  2.33%   14.1m  605.1m  92  -13.1m    4.2m    3.1m [5@risanke.primadona.sistem_prima - 4 - 3 - 2 - 1 = 1@risa2.primadona.sistem_prima - 2 - 3 - 4 - 5 - 6 - 7 - 8 - 9 - 10 - 11 - 12 = 27@pov.primadona.sistem_prima - 26 - 25 - 24 - 23 - 22 - 21 - 20 - 19 - 18 - 17 - 16 - 15 - 14 - 13 - 12 - 11 - 10 - 9 - 8 - 7 - 6 - 5 - 4 - 3 - 2 - 1 = 14@ttt.primadona.sistem_prima - 15 - 16 - 17 - 18 - 19 - 20 - 21 - 22 - 23 - 24 - 25 - 26 - 27 - 28 - 29 - 30 - 31 - 32 - 33 - 34 = 1@prima2.primadona.sistem_prima - 2 - 3 - 4 - 5 - 6 - 7 - 8 - 9 - 10 - 11 - 12 - 13 - 14 - 15 - 16 - 17 - 18 - 19 - 20 - 21 - 22 - 23 - 24 - 25 - 26 - 27 - 28 - 29 - 30 - 31 - 32 = 5@risanke.primadona.sistem_prima]
  2.24%    2.6m  115.1m  10   -2.5m   -0.1m   -0.5m [6@galerija_resurvey.primadona.sistem_prima - 5 - 4 - 3 - 2 - 1 = 11@galerija.primadona.sistem_prima - 12 - 13 - 14 - 15 - 16 = 6@galerija_resurvey.primadona.sistem_prima]
  2.12%    9.2m  430.7m  66    1.5m    2.8m   -8.6m [29@galerija.primadona.sistem_prima - 28 - 27 = POP25@popotresni.primadona.sistem_prima - POP24 - POP23 - POP22 = POP22@brez_volje.primadona.sistem_prima - BV2 - BV3 - BV4 - BV5 - BV6 = 2@doubletime.monatip.sistem_prima - 3 - 4 - 5 - 6 - 7 - 8 - 9 - 10 - 11 - 12 - 13 - 14 - 15 - 16 - 17 - 18 - 19 - 20 = 1@alkatraz.monatip.sistem_prima - 2 - 3 - 4 - 5 - 7 = 14@therock.monatip.sistem_prima - 13 - 12 - 11 - 10 - 9 - 8 - 7 - 6 - 5 - 4 - 1 = 8@prima1.primadona.sistem_prima - 7 - 6 - 5 - 4 - 3 - 2 - 1 = 5@risanke.primadona.sistem_prima - 4 - 3 - 2 - 1 = 1@risa2.primadona.sistem_prima - 2 - 3 - 4 - 5 - 6 - 7 - 8 - 9 - 10 - 11 - 12 = 29@galerija.primadona.sistem_prima]
  2.04%    4.6m  225.2m  30    1.8m    4.2m   -0.4m [18@smer1.primadona.sistem_prima - 17 - 16 - 15 - 14 - 13 - 12 - 11 - 10 - 9 - 8 - 7 - 6 - 5 - 4 - 3 - 2 - 1 = 30@smer0.primadona.sistem_prima - 31 - 32 - 33 - 34 - 35 - 36 - 37 - 38 - 39 - 40 - 41 - 42 - 43 = 18@smer1.primadona.sistem_prima]
  1.92%    4.6m  237.3m  26   -2.9m   -3.5m    0.7m [4@buckwheat.primadona.sistem_prima - 5 - 6 - 7 = 1@TTTr.primadona.sistem_prima - 2 - 3 - 4 - 5 - 6 - 7 - 8 - 9 = 2@ajdovscina.primadona.sistem_prima - 3 - 4 = 13@zima00.primadona.sistem_prima - 12 - 11 - 10 - 9 - 8 - 7 = 5@pivnica_resurvey.primadona.sistem_prima - 4 - 3 - 2 - 1 = 1@buckwheat.primadona.sistem_prima - 2 - 3 - 4]
  1.79%    3.4m  188.0m  40    2.3m   -2.1m    1.2m [10@holy_moley.primadona.sistem_prima - 9 - 8 - 7 - 6 - 5 - 4 - 3 - 2 - 1 = 2@adequately_hammered.primadona.sistem_prima - 1 - 0 = 9@alabaster.primadona.sistem_prima - 8 - 7 - 6 - 5 - 4 - 10 - 11 - 12 - 13 - 14 - 15 - 16 - 17 - 18 - 19 - 20 - 21 - 22 - 23 - 24 - 25 - 26 = 1@sweet_baby_jesus.primadona.sistem_prima - 2 - 3 - 4 - 5 - 6 - 7 - 8 = 10@holy_moley.primadona.sistem_prima]
  1.24%   15.5m 1252.1m 160   -0.5m   15.5m   -1.3m [27@galerija.primadona.sistem_prima - 26 - 25 - 24 - 23 - 22 - 21 - 20 - 19 - 18 - 17 - 16 = 6@galerija_resurvey.primadona.sistem_prima - 5 - 4 - 3 - 2 - 1 = 39@karstaway.primadona.sistem_prima - 38 - 37 - 36 - 35 - 34 - 33 - 32 - 31 - 30 - 29 - 28 - 27 - 26 - 25 - 24 - 23 - 22 - 21 - 20 - 18 - 17 - 16 - 15 - 14 - 13 - 12 - 11 - 10 - 9 - 8 - 7 - 6 - 5 - 4 - 3 - 2 - 1 = 5@mfi.primadona.sistem_prima - 4 - 3 - 2 - 1 = 12@hotmk.primadona.sistem_prima - 11 - 10 - 9 - 8 - 7 - 6 - 5 - 4 - 3 - 2 - 1 = 30@wac.primadona.sistem_prima - 29 - 28 - 27 - 26 - 25 - 24 - 23 - 22 - 21 - 20 - 19 - 18 - 17 - 16 - 15 - 14 - 13 - 12 - 11 - 10 - 9 - 8 - 7 - 6 - 5 - 4 - 3 - 2 - 1 = 4@buckwheat.primadona.sistem_prima - 5 - 6 - 7 = 1@TTTr.primadona.sistem_prima - 2 - 3 - 4 - 5 - 6 - 7 - 8 - 9 = 2@ajdovscina.primadona.sistem_prima - 3 - 4 = 13@zima00.primadona.sistem_prima - 14 - 15 - 16 - 17 - 18 - 19 - 20 - 21 - 22 = 1@ttt.primadona.sistem_prima - 2 - 3 - 4 - 5 - 6 - 7 - 8 - 9 - 10 - 11 - 12 - 13 - 14 = 1@pov.primadona.sistem_prima - 2 - 3 - 4 - 5 - 6 - 7 - 8 - 9 - 10 - 11 - 12 - 13 - 14 - 15 - 16 - 17 - 18 - 19 - 20 - 21 - 22 - 23 - 24 - 25 - 26 - 27 = 29@galerija.primadona.sistem_prima - 28 - 27]
##################### end of loop errors #######################


###################### scrap distortions #######################
 PROJECTION: plan
 AVERAGE  MAXIMAL  SCRAP
  15.62%  100.00%  bathtubp_1@bathtub.s_ubend.sistem_prima
   1.66%  100.00%  fenestratorp_1@fenestrator.primadona.sistem_prima
   5.89%  100.00%  prima2p_3@prima2.primadona.sistem_prima
   5.41%  100.00%  cloacamaximap_4@cloacamaxima.monatip.sistem_prima
   3.67%  100.00%  popotresnip_1@popotresni.primadona.sistem_prima
   2.54%  100.00%  sweet_baby_jesusp_2@sweet_baby_jesus.primadona.sistem_prima
  21.57%  100.00%  brez_voljep_4@brez_volje.primadona.sistem_prima
   2.51%  100.00%  mouseleum-p3@mouseleum.primadona.sistem_prima
   3.29%  100.00%  jack_of_heartsp_3@jack_of_hearts.primadona.sistem_prima
   7.32%  100.00%  cloacamaximap_3@cloacamaxima.monatip.sistem_prima
  28.88%  100.00%  ubend3p_2@ubend3.s_ubend.sistem_prima
   2.10%  100.00%  more_like_welding-p1@more_like_welding.primadona.sistem_prima
   2.58%  100.00%  drugip_1@drugi.primadona.sistem_prima
   3.11%  100.00%  drugip_2@drugi.primadona.sistem_prima
   1.41%   92.64%  moonraker_2-p1@moonraker_2.primadona.sistem_prima
   9.18%   87.58%  alabasterp_2@alabaster.primadona.sistem_prima
   7.18%   87.09%  moonraker-p1@moonraker.primadona.sistem_prima
   5.38%   86.56%  mouseleum-p1@mouseleum.primadona.sistem_prima
   2.77%   86.09%  moonraker-p3@moonraker.primadona.sistem_prima
   3.24%   82.62%  plumbers_pp_2@plumbers_p.primadona.sistem_prima
   2.48%   81.02%  risa2p_1@risa2.primadona.sistem_prima
   5.75%   79.05%  hotmkp_3@hotmk.primadona.sistem_prima
  20.79%   77.10%  doubletimep_4@doubletime.monatip.sistem_prima
   4.81%   75.74%  smer0p_1@smer0.primadona.sistem_prima
   3.72%   75.28%  therockp_3@therock.monatip.sistem_prima
   1.83%   74.90%  sweet_baby_jesusp_1@sweet_baby_jesus.primadona.sistem_prima
   3.17%   73.96%  cattlegridp_2@cattlegrid.primadona.sistem_prima
   0.95%   73.86%  the_aqueduct-p4@the_aqueduct.primadona.sistem_prima
   2.94%   73.50%  upotynp_1@upotyn.primadona.sistem_prima
   8.07%   73.35%  drugip_3@drugi.primadona.sistem_prima
   2.12%   72.16%  lost_in_a_dream_2-p1@lost_in_a_dream_2.primadona.sistem_prima
   5.47%   71.05%  monatip2p_1@monatip2.monatip.sistem_prima
   5.88%   70.94%  risankep_1@risanke.primadona.sistem_prima
   3.30%   70.29%  hallelujahp_1@hallelujah.primadona.sistem_prima
   5.76%   70.04%  deeper_than_most-p1@deeper_than_most.primadona.sistem_prima
   4.17%   69.60%  spodnjip_2@spodnji.primadona.sistem_prima
   3.84%   67.39%  popotresnip_4@popotresni.primadona.sistem_prima
   6.62%   66.89%  holy_moley-p2@holy_moley.primadona.sistem_prima
   6.17%   66.74%  povp_1@pov.primadona.sistem_prima
   4.00%   66.58%  povp_2@pov.primadona.sistem_prima
   1.20%   64.34%  tiger_tiger-p1@tiger_tiger.primadona.sistem_prima
   1.66%   63.72%  penny_falls-p2@penny_falls.primadona.sistem_prima
  12.31%   63.13%  prima1p_2@prima1.primadona.sistem_prima
  10.15%   62.74%  prima2p_5@prima2.primadona.sistem_prima
   4.57%   61.97%  the_stilep_1@the_stile.primadona.sistem_prima
   1.93%   61.46%  smer0p_5@smer0.primadona.sistem_prima
   4.92%   60.56%  prima1p_7@prima1.primadona.sistem_prima
   2.97%   60.10%  prima1p_ent@prima1.primadona.sistem_prima
   7.87%   60.07%  wacp_1@wac.primadona.sistem_prima
   8.39%   59.67%  drainpipep_1@drainpipe.s_ubend.sistem_prima
  11.95%   59.40%  popotresnip_2@popotresni.primadona.sistem_prima
   8.88%   59.21%  ubend3p_3@ubend3.s_ubend.sistem_prima
   1.86%   58.63%  brez_voljep_1@brez_volje.primadona.sistem_prima
   5.56%   58.51%  the_stilep_2@the_stile.primadona.sistem_prima
   5.46%   58.24%  monatip1p_5@monatip1.monatip.sistem_prima
   2.58%   58.17%  dysentry-p3@dysentry.primadona.sistem_prima
  11.27%   57.61%  zima00p_1@zima00.primadona.sistem_prima
   4.96%   56.03%  prima2p_1@prima2.primadona.sistem_prima
  17.65%   55.77%  zima00p_2@zima00.primadona.sistem_prima
   3.86%   55.44%  terminusp_1@terminus.primadona.sistem_prima
   6.99%   54.55%  brez_voljep_3@brez_volje.primadona.sistem_prima
  13.27%   54.43%  zima00p_3@zima00.primadona.sistem_prima
  10.90%   52.04%  mfip_2@mfi.primadona.sistem_prima
   2.18%   51.71%  alabasterp_1@alabaster.primadona.sistem_prima
   1.27%   51.56%  dysentry-1p@dysentry.primadona.sistem_prima
   7.58%   50.72%  popotresnip_3@popotresni.primadona.sistem_prima
  10.40%   50.23%  cloacamaximap_5@cloacamaxima.monatip.sistem_prima
   8.60%   50.22%  alabasterp_4@alabaster.primadona.sistem_prima
   3.52%   50.19%  wacp_2@wac.primadona.sistem_prima
   4.06%   49.90%  spodnjip_1@spodnji.primadona.sistem_prima
   1.58%   47.76%  quantum_statep_1@quantum_state.primadona.sistem_prima
  12.74%   46.94%  broken_hammerp_2@broken_hammer.monatip.sistem_prima
   1.77%   46.27%  prima1p_1@prima1.primadona.sistem_prima
   0.98%   45.93%  dejavup_1@dejavu.primadona.sistem_prima
   6.50%   45.93%  zima00p_5@zima00.primadona.sistem_prima
   3.21%   45.91%  wacp_3@wac.primadona.sistem_prima
   4.99%   45.25%  mouseleum-p4@mouseleum.primadona.sistem_prima
   3.73%   44.84%  therockp_1@therock.monatip.sistem_prima
   2.13%   44.57%  lost_in_a_dream-p1@lost_in_a_dream.primadona.sistem_prima
   2.47%   43.58%  povp_3@pov.primadona.sistem_prima
   6.41%   42.83%  ajdovp_2@ajdovscina.primadona.sistem_prima
   2.31%   42.47%  lost_in_a_dream-p3@lost_in_a_dream.primadona.sistem_prima
   2.99%   41.89%  galerijap_4@galerija.primadona.sistem_prima
   7.28%   41.00%  hotmkp_1@hotmk.primadona.sistem_prima
   4.05%   40.41%  galerijap_1@galerija.primadona.sistem_prima
   3.87%   40.04%  monatip4p_5@monatip4.monatip.sistem_prima
   3.96%   39.50%  detp_1@det.s_ubend.sistem_prima
   4.15%   39.22%  pivnica_2_resurvey-1p@pivnica_2_resurvey.primadona.sistem_prima
   3.89%   38.86%  monatip4p_1@monatip4.monatip.sistem_prima
   5.00%   38.73%  cloacamaximap_1@cloacamaxima.monatip.sistem_prima
   8.10%   38.53%  plumbers_pp_1@plumbers_p.primadona.sistem_prima
   2.97%   38.47%  penny_falls_2-p1@penny_falls_2.primadona.sistem_prima
   2.95%   38.39%  mouseleum_2-p2@mouseleum_2.primadona.sistem_prima
   7.71%   37.32%  battery_flatteryp_2@battery_flattery.primadona.sistem_prima
   1.65%   37.19%  colonyp_1@colony.primadona.sistem_prima
   5.61%   37.02%  mouseleum_2-p1@mouseleum_2.primadona.sistem_prima
   6.10%   36.81%  zima00p_4@zima00.primadona.sistem_prima
   7.32%   36.52%  quantum_statep_2@quantum_state.primadona.sistem_prima
   3.17%   35.84%  klic_globin-p1@klic_globin.primadona.sistem_prima
   8.18%   35.78%  risa2p_3@risa2.primadona.sistem_prima
   7.96%   34.69%  monatip2p_3@monatip2.monatip.sistem_prima
   4.24%   34.36%  karstawayp_1@karstaway.primadona.sistem_prima
   3.60%   33.65%  therockp_2@therock.monatip.sistem_prima
   5.87%   33.31%  cloacamaximap_2@cloacamaxima.monatip.sistem_prima
   4.59%   33.04%  popotresnip_5@popotresni.primadona.sistem_prima
   7.25%   31.65%  more_like_welding-p2@more_like_welding.primadona.sistem_prima
   0.54%   31.41%  moonraker-p2@moonraker.primadona.sistem_prima
   4.07%   31.36%  ajdovp_1@ajdovscina.primadona.sistem_prima
   1.96%   30.66%  purgatory-1p@purgatory.primadona.sistem_prima
   1.69%   30.51%  tttp_1@ttt.primadona.sistem_prima
   3.94%   30.41%  monatip4p_4@monatip4.monatip.sistem_prima
   2.75%   29.64%  broken_hammerp_1@broken_hammer.monatip.sistem_prima
   3.09%   29.60%  sweet_baby_jesusp_3@sweet_baby_jesus.primadona.sistem_prima
   4.93%   29.52%  smer0p_3@smer0.primadona.sistem_prima
   6.72%   28.89%  cattlegridp_1@cattlegrid.primadona.sistem_prima
   2.79%   28.74%  prima1p_3@prima1.primadona.sistem_prima
   2.31%   28.46%  smer0p_4@smer0.primadona.sistem_prima
   4.75%   28.13%  chocolate_river-p1@chocolate_river.primadona.sistem_prima
   3.13%   27.69%  brez_voljep_2@brez_volje.primadona.sistem_prima
   2.03%   27.63%  tttp_6@ttt.primadona.sistem_prima
   4.13%   27.35%  lost_in_a_dream-p2@lost_in_a_dream.primadona.sistem_prima
   4.62%   26.12%  fenestratorp_2@fenestrator.primadona.sistem_prima
   1.82%   26.03%  battery_flatteryp_1@battery_flattery.primadona.sistem_prima
   1.94%   25.36%  galerijap_2@galerija.primadona.sistem_prima
   7.83%   25.22%  wacp_4@wac.primadona.sistem_prima
   2.97%   24.85%  doubletimep_2@doubletime.monatip.sistem_prima
   1.61%   24.82%  alkatrazp_1@alkatraz.monatip.sistem_prima
   3.37%   24.75%  monatip4p_3@monatip4.monatip.sistem_prima
   4.46%   24.26%  tttp_4@ttt.primadona.sistem_prima
   1.83%   23.38%  monatip3p_2@monatip3.monatip.sistem_prima
   1.58%   22.95%  jack_of_heartsp_4@jack_of_hearts.primadona.sistem_prima
   1.16%   22.61%  tttp_5@ttt.primadona.sistem_prima
   2.54%   22.59%  alkatrazp_2@alkatraz.monatip.sistem_prima
   6.65%   22.48%  prima1p_5@prima1.primadona.sistem_prima
   1.49%   22.37%  karstawayp_3@karstaway.primadona.sistem_prima
   1.74%   22.26%  penny_falls-p1@penny_falls.primadona.sistem_prima
   5.91%   20.91%  mfip_1@mfi.primadona.sistem_prima
   2.86%   20.82%  monatip2p_2@monatip2.monatip.sistem_prima
   5.08%   20.64%  doubletimep_3@doubletime.monatip.sistem_prima
   1.06%   20.51%  doubletimep_1@doubletime.monatip.sistem_prima
   2.20%   20.35%  monatip1p_1@monatip1.monatip.sistem_prima
   6.54%   19.60%  monatip1p_3@monatip1.monatip.sistem_prima
   1.36%   18.66%  udcp_1@udc.primadona.sistem_prima
   2.07%   16.98%  smer1p_1@smer1.primadona.sistem_prima
   4.87%   16.93%  colonyp_3@colony.primadona.sistem_prima
   1.76%   16.63%  hotmkp_2@hotmk.primadona.sistem_prima
   1.60%   16.21%  chocolate_river-p2@chocolate_river.primadona.sistem_prima
   2.16%   15.24%  monatip4p_2@monatip4.monatip.sistem_prima
   2.57%   14.38%  mouseleum-p2@mouseleum.primadona.sistem_prima
   1.67%   14.19%  smer0p_6@smer0.primadona.sistem_prima
   1.24%   13.78%  hammerhead-p1@hammerhead.primadona.sistem_prima
   2.10%   13.43%  monatip1p_4@monatip1.monatip.sistem_prima
   2.77%   13.16%  povp_4@pov.primadona.sistem_prima
   3.14%   13.04%  povp_5@pov.primadona.sistem_prima
   2.07%   12.80%  smer0p_2@smer0.primadona.sistem_prima
   2.83%   12.60%  galerijap_6@galerija.primadona.sistem_prima
   0.66%   12.25%  smer1p_3@smer1.primadona.sistem_prima
   0.78%   12.03%  milanovap_1@milanova.primadona.sistem_prima
   3.41%   11.77%  karstawayp_2@karstaway.primadona.sistem_prima
   1.04%   11.73%  prima2p_4@prima2.primadona.sistem_prima
   0.84%   11.67%  ubendp_1@ubend.s_ubend.sistem_prima
   1.75%   11.54%  jack_of_heartsp_1@jack_of_hearts.primadona.sistem_prima
   1.66%   11.20%  alabasterp_3@alabaster.primadona.sistem_prima
   1.32%   11.11%  ubend3p_1@ubend3.s_ubend.sistem_prima
   2.65%   10.82%  prima2p_2@prima2.primadona.sistem_prima
   1.10%   10.54%  spodnjip_4@spodnji.primadona.sistem_prima
   1.80%   10.26%  prima1p_6@prima1.primadona.sistem_prima
   3.57%    9.79%  udcp_2@udc.primadona.sistem_prima
   1.31%    9.19%  karstawayp_4@karstaway.primadona.sistem_prima
   1.48%    8.98%  prima1p_4@prima1.primadona.sistem_prima
   1.03%    8.88%  galerijap_5@galerija.primadona.sistem_prima
   2.51%    7.57%  jack_of_heartsp_2@jack_of_hearts.primadona.sistem_prima
   1.18%    7.22%  galerijap_3@galerija.primadona.sistem_prima
   1.20%    7.04%  monatip1p_2@monatip1.monatip.sistem_prima
   1.06%    7.01%  monatip3p_1@monatip3.monatip.sistem_prima
   1.84%    6.17%  smer1p_2@smer1.primadona.sistem_prima
   0.61%    5.66%  tight_and_scrotty-p1@tight_and_scrotty.primadona.sistem_prima
   0.83%    5.35%  tttp_2@ttt.primadona.sistem_prima
   1.48%    5.11%  spodnjip_3@spodnji.primadona.sistem_prima
   0.05%    5.09%  dysentry-p4@dysentry.primadona.sistem_prima
   0.98%    5.01%  holy_moley-p1@holy_moley.primadona.sistem_prima
   1.23%    4.88%  risa2p_2@risa2.primadona.sistem_prima
   0.67%    4.58%  colonyp_2@colony.primadona.sistem_prima
   0.59%    3.99%  gamblers_ruin-p1@gamblers_ruin.primadona.sistem_prima
   0.85%    3.78%  terminusp_3@terminus.primadona.sistem_prima
   0.72%    3.26%  tttp_3@ttt.primadona.sistem_prima
   0.07%    2.95%  bath-1p@bath.primadona.sistem_prima
   0.55%    2.91%  terminusp_2@terminus.primadona.sistem_prima
   0.10%    2.82%  bath-3p@bath.primadona.sistem_prima
   0.35%    2.67%  klic_globin-p2@klic_globin.primadona.sistem_prima
   0.42%    2.57%  ubend2p_1@ubend2.s_ubend.sistem_prima
   0.50%    2.35%  milanovap_2@milanova.primadona.sistem_prima
   0.14%    1.82%  dysentry-p2@dysentry.primadona.sistem_prima
   0.02%    0.95%  The_Aqueduct-1p@the_aqueduct.primadona.sistem_prima
   0.16%    0.62%  moonraker-p4@moonraker.primadona.sistem_prima
   0.03%    0.56%  the_aqueduct-p3@the_aqueduct.primadona.sistem_prima
   0.08%    0.43%  dejavup_2@dejavu.primadona.sistem_prima
   0.04%    0.43%  pivnica_2_resurvey-2p@pivnica_2_resurvey.primadona.sistem_prima
   0.10%    0.38%  pivnica_2_resurvey-3p@pivnica_2_resurvey.primadona.sistem_prima
   0.05%    0.36%  bath-2p@bath.primadona.sistem_prima
   0.03%    0.24%  the_aqueduct-p2@the_aqueduct.primadona.sistem_prima
   0.00%    0.01%  zima00p_6@zima00.primadona.sistem_prima
   0.00%    0.00%  monatip@monatip1.monatip.sistem_prima
   0.00%    0.00%  scrap28@battery_flattery.primadona.sistem_prima
   0.00%    0.00%  scrap135@ttt.primadona.sistem_prima
################### end of scrap distortions ###################
