therion 5.4.1+? (compiled on 2018-06-25)
initialization file: /usr/local/etc/therion.ini
reading ... done
checking optional fonts csr10 csti10 csbx10 csss10 csssi10 ... OK
checking optional fonts cmcyr10 cmcti10 cmcbx10 cmcss10 cmcssi10 ... OK
configuration file: TTT_branch.thconfig*
reading ... done
reading source files ... done
preprocessing database ... done
scanning centreline tree ... done
searching for centerline loops ... done
calculating station coordinates ... done
average loop error: 6.24%
calculating basic statistics ... done
processing extended elevation ... done
processing references ... done
selecting export objects ... done
processing projection plan ... done
average distortion: 3.14%
writing TTT_beyond.pdf ...
####################### metapost log file ########################
This is MetaPost, version 2.00 (TeX Live 2018) (kpathsea version 6.3.0)  18 JUL 2018 15:06
**data.mp
(/usr/local/texlive/2018/texmf-dist/metapost/base/mpost.mp
(/usr/local/texlive/2018/texmf-dist/metapost/base/plain.mp
Preloading the plain mem file, version 1.005) ) (./data.mp [4001] [4002] [4003]
[4004] [4005] [4006] [4007] [4008] [4009] [4010] [4011] [4012] [4013]
[1] [2] [3] [4] [5] [6]
[Warning: scrap outline intersects itself in scrap spodnjip_4@spodnji.below_TTT
] [7] [8] [9] [10] [11] [12] [13] [14] [15] [16] [17] [18] [19] [20] [21] [22]
[23] [24] [25] [26] [27] [28] [29] [30] [31] [32] [33] [34] [35] [36] [37]
[38] [39] [40] [41] [42] [43] [44] [45] [46] [47] [48] [49] [50] [51] [52]
[53] [54] [55] [56] [57] [58] [59] [60] [61] [62] [63] [64] [65] [66] [67]
(./mptextmp.mp) [68] )
 
Here is how much of MetaPost's memory you used:
 15323 strings using 319080 characters
 2834032 bytes of node memory
 1427 symbolic tokens
 11i,81n,16p,310b,5f stack positions out of 16i,96n,20p,312b,6f
81 output files written: data.1 .. data.4013


#################### end of metapost log file ####################
converting scraps ... done
making map ... done
######################## pdftex log file #########################
This is pdfTeX, Version 3.14159265-2.6-1.40.19 (TeX Live 2018) (preloaded format=pdfetex 2018.4.16)  18 JUL 2018 15:06
entering extended mode
 restricted \write18 enabled.
 %&-line parsing enabled.
**data.tex
(./data.tex (./th_enc.tex) (./th_texts.tex) (./th_resources.tex
(/usr/local/texlive/2018/texmf-dist/tex/generic/pdftex/glyphtounicode.tex))
(./th_fontdef.tex{/usr/local/texlive/2018/texmf-var/fonts/map/pdftex/updmap/pdf
tex.map})
(./th_formdef.tex) (./th_pagedef.tex) (./th_pages.tex)
 158 numeric registers used out of 32768
 [1] ) 
Here is how much of TeX's memory you used:
 356 strings out of 494645
 3568 string characters out of 6148133
 25326 words of memory out of 5000000
 1996 multiletter control sequences out of 15000+600000
 20080 words of font info for 63 fonts, out of 8000000 for 9000
 1416 hyphenation exceptions out of 8191
 9i,5n,8p,843b,58s stack positions out of 5000i,500n,10000p,200000b,80000s
</usr/local/texlive/2018/texmf-dist/fonts/type1/public/amsfonts/cm/cmss10
.pfb></usr/local/texlive/2018/texmf-dist/fonts/type1/public/amsfonts/cm/cmssi10
.pfb></usr/local/texlive/2018/texmf-dist/fonts/type1/public/cs/csss10.pfb>
Output written on data.pdf (1 page, 118049 bytes).
PDF statistics:
 318 PDF objects out of 1000 (max. 8388607)
 173 compressed objects within 2 object streams
 0 named destinations out of 1000 (max. 500000)
 909 words of extra memory for PDF output out of 10000 (max. 10000000)


##################### end of pdftex log file #####################
done
writing xtherion file ... done
compilation time: 2 sec


######################### loop errors ##########################
REL-ERR ABS-ERR TOTAL-L STS X-ERROR Y-ERROR Z-ERROR STATIONS
  6.24%   29.0m  464.2m  61    2.9m  -28.1m    6.3m [22@zima00.below_TTT - 21 - 20 - 19 - 18 - 17 - 16 - 15 - 14 - 13 = 4@ajdovscina.below_TTT - 3 - 2 = 9@TTTr.below_TTT - 10 - 11 - 12 - 13 - 14 - 15 - 16 - 17 - 18 - 19 - 20 - 21 - 22 - 23 - 24 - 25 - 26 - 27 - 28 - 29 - 30 - 31 - 32 - 33 - 34 - 35 - 36 - 37 - 38 - 39 - 40 - 41 - 42 - 43 - 45 - 46 - 47 = 14@ttt.below_TTT - 13 - 12 - 11 - 10 - 9 - 8 - 7 - 6 - 5 - 4 - 3 - 2 - 1 = 22@zima00.below_TTT]
##################### end of loop errors #######################


###################### scrap distortions #######################
 PROJECTION: plan
 AVERAGE  MAXIMAL  SCRAP
   9.97%   57.80%  zima00p_3@zima00.below_TTT
  19.01%   56.46%  zima00p_2@zima00.below_TTT
   3.46%   50.22%  wacp_2@wac.below_TTT
   0.83%   45.89%  dejavup_1@dejavu.below_TTT
  11.00%   45.43%  zima00p_1@zima00.below_TTT
   3.19%   45.15%  wacp_3@wac.below_TTT
   8.10%   44.57%  ajdovp_2@ajdovscina.below_TTT
   3.51%   44.41%  wacp_1@wac.below_TTT
   4.96%   39.30%  ajdovp_1@ajdovscina.below_TTT
   4.21%   35.51%  zima00p_6@zima00.below_TTT
   7.36%   30.34%  wacp_4@wac.below_TTT
   2.79%   27.46%  spodnjip_1@spodnji.below_TTT
   1.19%   22.60%  tttp_5@ttt.below_TTT
   1.69%   19.96%  tttp_6@ttt.below_TTT
   2.25%   17.49%  zima00p_5@zima00.below_TTT
   0.78%   12.01%  milanovap_1@milanova.below_TTT
   1.10%   10.51%  spodnjip_4@spodnji.below_TTT
   1.74%   10.08%  zima00p_4@zima00.below_TTT
   1.48%    9.16%  spodnjip_2@spodnji.below_TTT
   3.01%    8.84%  tttp_4@ttt.below_TTT
   0.60%    6.57%  tttp_1@ttt.below_TTT
   1.48%    5.11%  spodnjip_3@spodnji.below_TTT
   1.72%    4.40%  tttp_3@ttt.below_TTT
   0.63%    4.34%  tttp_2@ttt.below_TTT
   0.50%    2.35%  milanovap_2@milanova.below_TTT
   0.08%    0.43%  dejavup_2@dejavu.below_TTT
   0.00%    0.00%  scrap135@ttt.below_TTT
################### end of scrap distortions ###################
